//----------------------------------------------------------------------------//
// Generated by LegUp High-Level Synthesis Tool Version 4.0 (http://legup.org)
// Compiled: Sun Jul 26 12:56:54 2015
// University of Toronto
// For research and academic purposes only. Commercial use is prohibited.
// Please send bugs to: legup@eecg.toronto.edu
// Date: Thu Nov 19 11:18:00 2015
//----------------------------------------------------------------------------//

-------------------------- Datapath Operation Usage --------------------------

Operation "unknown" x 140 
Operation "bitwise_AND_32" x 4 
Operation "bitwise_OR_32" x 13 
Operation "bitwise_XOR_32" x 12 
Operation "signed_add_32" x 38 
Operation "signed_add_64" x 1 
Operation "signed_comp_eq_32" x 7 
Operation "signed_comp_eq_64" x 1 
Operation "signed_comp_eq_mux_32" x 1 
Operation "signed_comp_gt_32" x 1 
Operation "signed_divide_32" x 1 

----------------------------- General Information -----------------------------

Number of declared variables in main: 210
Critical path contains operation: signed_divide_32

------------------------------ Resource Estimate ------------------------------

Fmax: 7 MHz
Note: Assuming only 532 DSPs available
Warning: These estimates don't account for binding yet!
Logic Elements: 7123
    Combinational: 3743
    Registers: 6433
DSP Elements: 0
