//----------------------------------------------------------------------------//
// Generated by LegUp High-Level Synthesis Tool Version 4.0 (http://legup.org)
// Compiled: Sun Jul 26 12:56:54 2015
// University of Toronto
// For research and academic purposes only. Commercial use is prohibited.
// Please send bugs to: legup@eecg.toronto.edu
// Date: Thu Nov 19 11:18:00 2015
//----------------------------------------------------------------------------//

-----------------Function: pad---------------
-------------------------1---------------------------
-----------------Delay of path:100.00 ns---------------
-----------------State:LEGUP_F_pad_BB__16_11-----------------
(100.00 ns) --- (100.00 ns) ---   %22 = sdiv i32 %i.1, 64

-----------------Function: outerloop---------------
-------------------------2---------------------------
-----------------Delay of path:20.00 ns---------------
-----------------State:LEGUP_F_outerloop_BB__94_27-----------------
(4.00 ns) --- (4.00 ns) ---   %106 = xor i32 %b.0, %c.0
(4.00 ns) --- (8.00 ns) ---   %107 = and i32 %a.0, %106
(4.00 ns) --- (12.00 ns) ---   %109 = xor i32 %107, %108
(4.00 ns) --- (16.00 ns) ---   %110 = add i32 %105, %109
(4.00 ns) --- (20.00 ns) ---   %111 = add i32 %93, %110

-----------------Function: outerloop---------------
-------------------------3---------------------------
-----------------Delay of path:20.00 ns---------------
-----------------State:LEGUP_F_outerloop_BB__94_27-----------------
(0.00 ns) --- (0.00 ns) ---   %99 = shl i32 %a.0, 19
(4.00 ns) --- (4.00 ns) ---   %100 = or i32 %98, %99
(4.00 ns) --- (8.00 ns) ---   %101 = xor i32 %97, %100
(4.00 ns) --- (12.00 ns) ---   %105 = xor i32 %101, %104
(4.00 ns) --- (16.00 ns) ---   %110 = add i32 %105, %109
(4.00 ns) --- (20.00 ns) ---   %111 = add i32 %93, %110

-----------------Function: outerloop---------------
-------------------------4---------------------------
-----------------Delay of path:20.00 ns---------------
-----------------State:LEGUP_F_outerloop_BB__94_27-----------------
(0.00 ns) --- (0.00 ns) ---   %98 = lshr i32 %a.0, 13
(4.00 ns) --- (4.00 ns) ---   %100 = or i32 %98, %99
(4.00 ns) --- (8.00 ns) ---   %101 = xor i32 %97, %100
(4.00 ns) --- (12.00 ns) ---   %105 = xor i32 %101, %104
(4.00 ns) --- (16.00 ns) ---   %110 = add i32 %105, %109
(4.00 ns) --- (20.00 ns) ---   %111 = add i32 %93, %110

-----------------Function: outerloop---------------
-------------------------5---------------------------
-----------------Delay of path:20.00 ns---------------
-----------------State:LEGUP_F_outerloop_BB__94_27-----------------
(0.00 ns) --- (0.00 ns) ---   %96 = shl i32 %a.0, 30
(4.00 ns) --- (4.00 ns) ---   %97 = or i32 %95, %96
(4.00 ns) --- (8.00 ns) ---   %101 = xor i32 %97, %100
(4.00 ns) --- (12.00 ns) ---   %105 = xor i32 %101, %104
(4.00 ns) --- (16.00 ns) ---   %110 = add i32 %105, %109
(4.00 ns) --- (20.00 ns) ---   %111 = add i32 %93, %110

-----------------Function: outerloop---------------
-------------------------6---------------------------
-----------------Delay of path:20.00 ns---------------
-----------------State:LEGUP_F_outerloop_BB__94_27-----------------
(0.00 ns) --- (0.00 ns) ---   %95 = lshr i32 %a.0, 2
(4.00 ns) --- (4.00 ns) ---   %97 = or i32 %95, %96
(4.00 ns) --- (8.00 ns) ---   %101 = xor i32 %97, %100
(4.00 ns) --- (12.00 ns) ---   %105 = xor i32 %101, %104
(4.00 ns) --- (16.00 ns) ---   %110 = add i32 %105, %109
(4.00 ns) --- (20.00 ns) ---   %111 = add i32 %93, %110

-----------------Function: outerloop---------------
-------------------------7---------------------------
-----------------Delay of path:20.00 ns---------------
-----------------State:LEGUP_F_outerloop_BB__72_24-----------------
(0.00 ns) --- (0.00 ns) ---   %77 = shl i32 %e.0, 21
(4.00 ns) --- (4.00 ns) ---   %78 = or i32 %76, %77
(4.00 ns) --- (8.00 ns) ---   %79 = xor i32 %75, %78
(4.00 ns) --- (12.00 ns) ---   %83 = xor i32 %79, %82
(4.00 ns) --- (16.00 ns) ---   %84 = add i32 %h.0, %83
(4.00 ns) --- (20.00 ns) ---   %89 = add i32 %84, %88

-----------------Function: outerloop---------------
-------------------------8---------------------------
-----------------Delay of path:20.00 ns---------------
-----------------State:LEGUP_F_outerloop_BB__72_24-----------------
(0.00 ns) --- (0.00 ns) ---   %76 = lshr i32 %e.0, 11
(4.00 ns) --- (4.00 ns) ---   %78 = or i32 %76, %77
(4.00 ns) --- (8.00 ns) ---   %79 = xor i32 %75, %78
(4.00 ns) --- (12.00 ns) ---   %83 = xor i32 %79, %82
(4.00 ns) --- (16.00 ns) ---   %84 = add i32 %h.0, %83
(4.00 ns) --- (20.00 ns) ---   %89 = add i32 %84, %88

-----------------Function: outerloop---------------
-------------------------9---------------------------
-----------------Delay of path:20.00 ns---------------
-----------------State:LEGUP_F_outerloop_BB__72_24-----------------
(0.00 ns) --- (0.00 ns) ---   %74 = shl i32 %e.0, 26
(4.00 ns) --- (4.00 ns) ---   %75 = or i32 %73, %74
(4.00 ns) --- (8.00 ns) ---   %79 = xor i32 %75, %78
(4.00 ns) --- (12.00 ns) ---   %83 = xor i32 %79, %82
(4.00 ns) --- (16.00 ns) ---   %84 = add i32 %h.0, %83
(4.00 ns) --- (20.00 ns) ---   %89 = add i32 %84, %88

-----------------Function: outerloop---------------
-------------------------10---------------------------
-----------------Delay of path:20.00 ns---------------
-----------------State:LEGUP_F_outerloop_BB__72_24-----------------
(0.00 ns) --- (0.00 ns) ---   %73 = lshr i32 %e.0, 6
(4.00 ns) --- (4.00 ns) ---   %75 = or i32 %73, %74
(4.00 ns) --- (8.00 ns) ---   %79 = xor i32 %75, %78
(4.00 ns) --- (12.00 ns) ---   %83 = xor i32 %79, %82
(4.00 ns) --- (16.00 ns) ---   %84 = add i32 %h.0, %83
(4.00 ns) --- (20.00 ns) ---   %89 = add i32 %84, %88


