Flow report for top
Thu Nov 19 18:12:55 2015
Quartus II 64-Bit Version 15.0.0 Build 145 04/22/2015 SJ Web Edition


---------------------
; Table of Contents ;
---------------------
  1. Legal Notice
  2. Flow Summary
  3. Flow Settings
  4. Flow Non-Default Global Settings
  5. Flow Elapsed Time
  6. Flow OS Summary
  7. Flow Log
  8. Flow Messages
  9. Flow Suppressed Messages



----------------
; Legal Notice ;
----------------
Copyright (C) 1991-2015 Altera Corporation. All rights reserved.
Your use of Altera Corporation's design tools, logic functions 
and other software and tools, and its AMPP partner logic 
functions, and any output files from any of the foregoing 
(including device programming or simulation files), and any 
associated documentation or information are expressly subject 
to the terms and conditions of the Altera Program License 
Subscription Agreement, the Altera Quartus II License Agreement,
the Altera MegaCore Function License Agreement, or other 
applicable license agreement, including, without limitation, 
that your use is for the sole purpose of programming logic 
devices manufactured by Altera and sold by Altera or its 
authorized distributors.  Please refer to the applicable 
agreement for further details.



+---------------------------------------------------------------------------------+
; Flow Summary                                                                    ;
+------------------------------------+--------------------------------------------+
; Flow Status                        ; Successful - Thu Nov 19 18:12:40 2015      ;
; Quartus II 64-Bit Version          ; 15.0.0 Build 145 04/22/2015 SJ Web Edition ;
; Revision Name                      ; top                                        ;
; Top-level Entity Name              ; de2                                        ;
; Family                             ; Cyclone IV E                               ;
; Device                             ; EP4CE115F29C8                              ;
; Timing Models                      ; Final                                      ;
; Total logic elements               ; 6,019 / 114,480 ( 5 % )                    ;
;     Total combinational functions  ; 5,531 / 114,480 ( 5 % )                    ;
;     Dedicated logic registers      ; 3,387 / 114,480 ( 3 % )                    ;
; Total registers                    ; 3388                                       ;
; Total pins                         ; 89 / 529 ( 17 % )                          ;
; Total virtual pins                 ; 0                                          ;
; Total memory bits                  ; 6,272 / 3,981,312 ( < 1 % )                ;
; Embedded Multiplier 9-bit elements ; 0 / 532 ( 0 % )                            ;
; Total PLLs                         ; 0 / 4 ( 0 % )                              ;
+------------------------------------+--------------------------------------------+


+-----------------------------------------+
; Flow Settings                           ;
+-------------------+---------------------+
; Option            ; Setting             ;
+-------------------+---------------------+
; Start date & time ; 11/19/2015 18:09:47 ;
; Main task         ; Compilation         ;
; Revision Name     ; top                 ;
+-------------------+---------------------+


+--------------------------------------------------------------------------------------------------------------------------------------+
; Flow Non-Default Global Settings                                                                                                     ;
+------------------------------------+--------------------------------------------------+---------------+-------------+----------------+
; Assignment Name                    ; Value                                            ; Default Value ; Entity Name ; Section Id     ;
+------------------------------------+--------------------------------------------------+---------------+-------------+----------------+
; COMPILER_SIGNATURE_ID              ; 8796761798396.144797458720996                    ; --            ; --          ; --             ;
; PARTITION_COLOR                    ; 16764057                                         ; --            ; de2         ; Top            ;
; PARTITION_NETLIST_TYPE             ; SOURCE                                           ; --            ; de2         ; Top            ;
; SEARCH_PATH                        ; /opt/legup/legup-4.0/tiger/processor/altera_libs ; --            ; --          ; --             ;
; TIMEQUEST_DO_REPORT_TIMING         ; On                                               ; Off           ; --          ; --             ;
; TOP_LEVEL_ENTITY                   ; de2                                              ; top           ; --          ; --             ;
; USE_GENERATED_PHYSICAL_CONSTRAINTS ; Off                                              ; --            ; --          ; eda_blast_fpga ;
+------------------------------------+--------------------------------------------------+---------------+-------------+----------------+


+-------------------------------------------------------------------------------------------------------------------------------+
; Flow Elapsed Time                                                                                                             ;
+---------------------------+--------------+-------------------------+---------------------+------------------------------------+
; Module Name               ; Elapsed Time ; Average Processors Used ; Peak Virtual Memory ; Total CPU Time (on all processors) ;
+---------------------------+--------------+-------------------------+---------------------+------------------------------------+
; Analysis & Synthesis      ; 00:00:39     ; 1.0                     ; 1057 MB             ; 00:00:58                           ;
; Fitter                    ; 00:01:53     ; 1.0                     ; 1360 MB             ; 00:01:51                           ;
; Assembler                 ; 00:00:09     ; 1.0                     ; 877 MB              ; 00:00:07                           ;
; TimeQuest Timing Analyzer ; 00:00:12     ; 1.0                     ; 1026 MB             ; 00:00:10                           ;
; Total                     ; 00:02:53     ; --                      ; --                  ; 00:03:06                           ;
+---------------------------+--------------+-------------------------+---------------------+------------------------------------+


+------------------------------------------------------------------------------------------------+
; Flow OS Summary                                                                                ;
+---------------------------+---------------------+----------------+------------+----------------+
; Module Name               ; Machine Hostname    ; OS Name        ; OS Version ; Processor type ;
+---------------------------+---------------------+----------------+------------+----------------+
; Analysis & Synthesis      ; legup.ECE.mcgill.ca ; Ubuntu 14.04.2 ; 14         ; x86_64         ;
; Fitter                    ; legup.ECE.mcgill.ca ; Ubuntu 14.04.2 ; 14         ; x86_64         ;
; Assembler                 ; legup.ECE.mcgill.ca ; Ubuntu 14.04.2 ; 14         ; x86_64         ;
; TimeQuest Timing Analyzer ; legup.ECE.mcgill.ca ; Ubuntu 14.04.2 ; 14         ; x86_64         ;
+---------------------------+---------------------+----------------+------------+----------------+


------------
; Flow Log ;
------------
quartus_map --read_settings_files=on --write_settings_files=off top -c top
quartus_fit --read_settings_files=off --write_settings_files=off top -c top
quartus_asm --read_settings_files=off --write_settings_files=off top -c top
quartus_sta top -c top



